#
# There is insufficient memory for the Java Runtime Environment to continue.
# Native memory allocation (malloc) failed to allocate 2233632 bytes for Chunk::new
# Possible reasons:
#   The system is out of physical RAM or swap space
#   In 32 bit mode, the process size limit was hit
# Possible solutions:
#   Reduce memory load on the system
#   Increase physical memory or swap space
#   Check if swap backing store is full
#   Use 64 bit Java on a 64 bit OS
#   Decrease Java heap size (-Xmx/-Xms)
#   Decrease number of Java threads
#   Decrease Java thread stack sizes (-Xss)
#   Set larger code cache with -XX:ReservedCodeCacheSize=
# This output file may be truncated or incomplete.
#
#  Out of Memory Error (allocation.cpp:390), pid=5420, tid=0x000000000000b5d0
#
# JRE version: Java(TM) SE Runtime Environment (8.0_131-b11) (build 1.8.0_131-b11)
# Java VM: Java HotSpot(TM) 64-Bit Server VM (25.131-b11 mixed mode windows-amd64 compressed oops)
# Failed to write core dump. Minidumps are not enabled by default on client versions of Windows
#

---------------  T H R E A D  ---------------

Current thread (0x0000000021186800):  JavaThread "C2 CompilerThread2" daemon [_thread_in_native, id=46544, stack(0x0000000021960000,0x0000000021a60000)]

Stack: [0x0000000021960000,0x0000000021a60000]
[error occurred during error reporting (printing stack bounds), id 0xc0000005]

Native frames: (J=compiled Java code, j=interpreted, Vv=VM code, C=native code)


Current CompileTask:
C2:   8983 4811   !   4       org.springframework.core.annotation.AnnotatedElementUtils::searchWithFindSemantics (697 bytes)


---------------  P R O C E S S  ---------------

Java Threads: ( => current thread )
  0x0000000024502800 JavaThread "Timer-1" [_thread_blocked, id=5528, stack(0x000000002adf0000,0x000000002aef0000)]
  0x00000000244fb000 JavaThread "Timer-0" [_thread_blocked, id=45944, stack(0x000000002aaf0000,0x000000002abf0000)]
  0x000000002274d000 JavaThread "SimplePauseDetectorThread_0" daemon [_thread_blocked, id=42072, stack(0x00000000295b0000,0x00000000296b0000)]
  0x000000002274b800 JavaThread "Thread-5" daemon [_thread_blocked, id=13288, stack(0x00000000294b0000,0x00000000295b0000)]
  0x0000000022749000 JavaThread "container-0" [_thread_blocked, id=48824, stack(0x00000000293b0000,0x00000000294b0000)]
  0x0000000022748800 JavaThread "ContainerBackgroundProcessor[StandardEngine[Tomcat]]" daemon [_thread_blocked, id=45504, stack(0x00000000292b0000,0x00000000293b0000)]
  0x0000000022747000 JavaThread "spring.cloud.inetutils" daemon [_thread_blocked, id=45464, stack(0x0000000028d70000,0x0000000028e70000)]
  0x000000002274a800 JavaThread "localhost-startStop-1" daemon [_thread_blocked, id=49032, stack(0x0000000028c70000,0x0000000028d70000)]
  0x000000002274d800 JavaThread "Tomcat-startStop-1" daemon [_thread_blocked, id=44968, stack(0x0000000028b70000,0x0000000028c70000)]
  0x0000000021254000 JavaThread "Service Thread" daemon [_thread_blocked, id=46388, stack(0x0000000021b60000,0x0000000021c60000)]
  0x0000000021187000 JavaThread "C1 CompilerThread3" daemon [_thread_blocked, id=49368, stack(0x0000000021a60000,0x0000000021b60000)]
=>0x0000000021186800 JavaThread "C2 CompilerThread2" daemon [_thread_in_native, id=46544, stack(0x0000000021960000,0x0000000021a60000)]
  0x0000000021154000 JavaThread "C2 CompilerThread1" daemon [_thread_in_native, id=47680, stack(0x0000000021860000,0x0000000021960000)]
  0x0000000021153000 JavaThread "C2 CompilerThread0" daemon [_thread_in_native, id=40120, stack(0x0000000021760000,0x0000000021860000)]
  0x000000002113a800 JavaThread "Monitor Ctrl-Break" daemon [_thread_in_native, id=10812, stack(0x0000000021660000,0x0000000021760000)]
  0x00000000206f8000 JavaThread "Attach Listener" daemon [_thread_blocked, id=45840, stack(0x0000000020d60000,0x0000000020e60000)]
  0x00000000206f7800 JavaThread "Signal Dispatcher" daemon [_thread_blocked, id=39028, stack(0x0000000020c60000,0x0000000020d60000)]
  0x000000001e786800 JavaThread "Finalizer" daemon [_thread_blocked, id=47228, stack(0x0000000020a60000,0x0000000020b60000)]
  0x000000001e77f800 JavaThread "Reference Handler" daemon [_thread_blocked, id=10104, stack(0x0000000020560000,0x0000000020660000)]
  0x0000000004a3b000 JavaThread "main" [_thread_in_native, id=49888, stack(0x0000000004930000,0x0000000004a30000)]

Other Threads:
  0x000000001e776800 VMThread [stack: 0x0000000020460000,0x0000000020560000] [id=42260]
  0x000000002130e000 WatcherThread [stack: 0x0000000021c60000,0x0000000021d60000] [id=49836]

VM state:not at safepoint (normal execution)

VM Mutex/Monitor currently owned by a thread: None

Heap:
 PSYoungGen      total 328192K, used 303028K [0x000000076b100000, 0x0000000781200000, 0x00000007c0000000)
  eden space 320512K, 92% used [0x000000076b100000,0x000000077d194378,0x000000077ea00000)
  from space 7680K, 97% used [0x0000000780a80000,0x00000007811d8ce0,0x0000000781200000)
  to   space 16896K, 0% used [0x000000077f100000,0x000000077f100000,0x0000000780180000)
 ParOldGen       total 144384K, used 19646K [0x00000006c1200000, 0x00000006c9f00000, 0x000000076b100000)
  object space 144384K, 13% used [0x00000006c1200000,0x00000006c252faa0,0x00000006c9f00000)
 Metaspace       used 44073K, capacity 46032K, committed 46296K, reserved 1089536K
  class space    used 5709K, capacity 6072K, committed 6104K, reserved 1048576K

Card table byte_map: [0x00000000140d0000,0x00000000148d0000] byte_map_base: 0x0000000010ac7000

Marking Bits: (ParMarkBitMap*) 0x00000000599ac720
 Begin Bits: [0x0000000015620000, 0x00000000195d8000)
 End Bits:   [0x00000000195d8000, 0x000000001d590000)

Polling page: 0x00000000003f0000

CodeCache: size=245760Kb used=17116Kb max_used=17116Kb free=228643Kb
 bounds [0x0000000004d10000, 0x0000000005e30000, 0x0000000013d10000]
 total_blobs=4832 nmethods=4396 adapters=348
 compilation: enabled

Compilation events (10 events):
Event: 8.836 Thread 0x0000000021187000 5087       2       org.apache.logging.slf4j.SLF4JLogger::isEnabled (7 bytes)
Event: 8.836 Thread 0x0000000021187000 nmethod 5087 0x00000000051e1150 code [0x00000000051e12c0, 0x00000000051e1428]
Event: 8.836 Thread 0x0000000021187000 5088       1       java.text.NumberFormat::isGroupingUsed (5 bytes)
Event: 8.837 Thread 0x0000000021187000 nmethod 5088 0x0000000005349fd0 code [0x000000000534a120, 0x000000000534a230]
Event: 8.853 Thread 0x0000000021187000 5091       2       org.springframework.core.env.PropertySourcesPropertyResolver::containsProperty (51 bytes)
Event: 8.853 Thread 0x0000000021187000 nmethod 5091 0x0000000005349a10 code [0x0000000005349ba0, 0x0000000005349e58]
Event: 8.853 Thread 0x0000000021187000 5090       2       org.springframework.core.env.AbstractEnvironment::containsProperty (11 bytes)
Event: 8.853 Thread 0x0000000021187000 nmethod 5090 0x0000000005349690 code [0x0000000005349800, 0x0000000005349988]
Event: 8.953 Thread 0x0000000021187000 5092   !   2       java.util.Locale::getDefault (132 bytes)
Event: 8.954 Thread 0x0000000021187000 nmethod 5092 0x0000000005348c90 code [0x0000000005348e40, 0x0000000005349458]

GC Heap History (10 events):
Event: 3.312 GC heap before
{Heap before GC invocations=6 (full 1):
 PSYoungGen      total 141824K, used 131072K [0x000000076b100000, 0x0000000774600000, 0x00000007c0000000)
  eden space 131072K, 100% used [0x000000076b100000,0x0000000773100000,0x0000000773100000)
  from space 10752K, 0% used [0x0000000773b80000,0x0000000773b80000,0x0000000774600000)
  to   space 10752K, 0% used [0x0000000773100000,0x0000000773100000,0x0000000773b80000)
 ParOldGen       total 91136K, used 5482K [0x00000006c1200000, 0x00000006c6b00000, 0x000000076b100000)
  object space 91136K, 6% used [0x00000006c1200000,0x00000006c175a930,0x00000006c6b00000)
 Metaspace       used 27368K, capacity 28224K, committed 28416K, reserved 1073152K
  class space    used 3532K, capacity 3732K, committed 3840K, reserved 1048576K
Event: 3.320 GC heap after
Heap after GC invocations=6 (full 1):
 PSYoungGen      total 141824K, used 10750K [0x000000076b100000, 0x0000000779c00000, 0x00000007c0000000)
  eden space 131072K, 0% used [0x000000076b100000,0x000000076b100000,0x0000000773100000)
  from space 10752K, 99% used [0x0000000773100000,0x0000000773b7fba8,0x0000000773b80000)
  to   space 12288K, 0% used [0x0000000779000000,0x0000000779000000,0x0000000779c00000)
 ParOldGen       total 91136K, used 5566K [0x00000006c1200000, 0x00000006c6b00000, 0x000000076b100000)
  object space 91136K, 6% used [0x00000006c1200000,0x00000006c176fb40,0x00000006c6b00000)
 Metaspace       used 27368K, capacity 28224K, committed 28416K, reserved 1073152K
  class space    used 3532K, capacity 3732K, committed 3840K, reserved 1048576K
}
Event: 4.107 GC heap before
{Heap before GC invocations=7 (full 1):
 PSYoungGen      total 141824K, used 141822K [0x000000076b100000, 0x0000000779c00000, 0x00000007c0000000)
  eden space 131072K, 100% used [0x000000076b100000,0x0000000773100000,0x0000000773100000)
  from space 10752K, 99% used [0x0000000773100000,0x0000000773b7fba8,0x0000000773b80000)
  to   space 12288K, 0% used [0x0000000779000000,0x0000000779000000,0x0000000779c00000)
 ParOldGen       total 91136K, used 5566K [0x00000006c1200000, 0x00000006c6b00000, 0x000000076b100000)
  object space 91136K, 6% used [0x00000006c1200000,0x00000006c176fb40,0x00000006c6b00000)
 Metaspace       used 30388K, capacity 31304K, committed 31616K, reserved 1077248K
  class space    used 3962K, capacity 4182K, committed 4224K, reserved 1048576K
Event: 4.120 GC heap after
Heap after GC invocations=7 (full 1):
 PSYoungGen      total 224768K, used 12287K [0x000000076b100000, 0x0000000779d80000, 0x00000007c0000000)
  eden space 212480K, 0% used [0x000000076b100000,0x000000076b100000,0x0000000778080000)
  from space 12288K, 99% used [0x0000000779000000,0x0000000779bffeb8,0x0000000779c00000)
  to   space 14848K, 0% used [0x0000000778080000,0x0000000778080000,0x0000000778f00000)
 ParOldGen       total 91136K, used 7101K [0x00000006c1200000, 0x00000006c6b00000, 0x000000076b100000)
  object space 91136K, 7% used [0x00000006c1200000,0x00000006c18ef490,0x00000006c6b00000)
 Metaspace       used 30388K, capacity 31304K, committed 31616K, reserved 1077248K
  class space    used 3962K, capacity 4182K, committed 4224K, reserved 1048576K
}
Event: 5.047 GC heap before
{Heap before GC invocations=8 (full 1):
 PSYoungGen      total 224768K, used 119664K [0x000000076b100000, 0x0000000779d80000, 0x00000007c0000000)
  eden space 212480K, 50% used [0x000000076b100000,0x00000007719dc438,0x0000000778080000)
  from space 12288K, 99% used [0x0000000779000000,0x0000000779bffeb8,0x0000000779c00000)
  to   space 14848K, 0% used [0x0000000778080000,0x0000000778080000,0x0000000778f00000)
 ParOldGen       total 91136K, used 7101K [0x00000006c1200000, 0x00000006c6b00000, 0x000000076b100000)
  object space 91136K, 7% used [0x00000006c1200000,0x00000006c18ef490,0x00000006c6b00000)
 Metaspace       used 34076K, capacity 35284K, committed 35416K, reserved 1079296K
  class space    used 4384K, capacity 4626K, committed 4696K, reserved 1048576K
Event: 5.057 GC heap after
Heap after GC invocations=8 (full 1):
 PSYoungGen      total 227328K, used 14825K [0x000000076b100000, 0x0000000781b80000, 0x00000007c0000000)
  eden space 212480K, 0% used [0x000000076b100000,0x000000076b100000,0x0000000778080000)
  from space 14848K, 99% used [0x0000000778080000,0x0000000778efa5d8,0x0000000778f00000)
  to   space 17408K, 0% used [0x0000000780a80000,0x0000000780a80000,0x0000000781b80000)
 ParOldGen       total 91136K, used 7596K [0x00000006c1200000, 0x00000006c6b00000, 0x000000076b100000)
  object space 91136K, 8% used [0x00000006c1200000,0x00000006c196b2d8,0x00000006c6b00000)
 Metaspace       used 34076K, capacity 35284K, committed 35416K, reserved 1079296K
  class space    used 4384K, capacity 4626K, committed 4696K, reserved 1048576K
}
Event: 5.057 GC heap before
{Heap before GC invocations=9 (full 2):
 PSYoungGen      total 227328K, used 14825K [0x000000076b100000, 0x0000000781b80000, 0x00000007c0000000)
  eden space 212480K, 0% used [0x000000076b100000,0x000000076b100000,0x0000000778080000)
  from space 14848K, 99% used [0x0000000778080000,0x0000000778efa5d8,0x0000000778f00000)
  to   space 17408K, 0% used [0x0000000780a80000,0x0000000780a80000,0x0000000781b80000)
 ParOldGen       total 91136K, used 7596K [0x00000006c1200000, 0x00000006c6b00000, 0x000000076b100000)
  object space 91136K, 8% used [0x00000006c1200000,0x00000006c196b2d8,0x00000006c6b00000)
 Metaspace       used 34076K, capacity 35284K, committed 35416K, reserved 1079296K
  class space    used 4384K, capacity 4626K, committed 4696K, reserved 1048576K
Event: 5.109 GC heap after
Heap after GC invocations=9 (full 2):
 PSYoungGen      total 227328K, used 0K [0x000000076b100000, 0x0000000781b80000, 0x00000007c0000000)
  eden space 212480K, 0% used [0x000000076b100000,0x000000076b100000,0x0000000778080000)
  from space 14848K, 0% used [0x0000000778080000,0x0000000778080000,0x0000000778f00000)
  to   space 17408K, 0% used [0x0000000780a80000,0x0000000780a80000,0x0000000781b80000)
 ParOldGen       total 144384K, used 19638K [0x00000006c1200000, 0x00000006c9f00000, 0x000000076b100000)
  object space 144384K, 13% used [0x00000006c1200000,0x00000006c252daa0,0x00000006c9f00000)
 Metaspace       used 34076K, capacity 35284K, committed 35416K, reserved 1079296K
  class space    used 4384K, capacity 4626K, committed 4696K, reserved 1048576K
}
Event: 7.142 GC heap before
{Heap before GC invocations=10 (full 2):
 PSYoungGen      total 227328K, used 212480K [0x000000076b100000, 0x0000000781b80000, 0x00000007c0000000)
  eden space 212480K, 100% used [0x000000076b100000,0x0000000778080000,0x0000000778080000)
  from space 14848K, 0% used [0x0000000778080000,0x0000000778080000,0x0000000778f00000)
  to   space 17408K, 0% used [0x0000000780a80000,0x0000000780a80000,0x0000000781b80000)
 ParOldGen       total 144384K, used 19638K [0x00000006c1200000, 0x00000006c9f00000, 0x000000076b100000)
  object space 144384K, 13% used [0x00000006c1200000,0x00000006c252daa0,0x00000006c9f00000)
 Metaspace       used 37325K, capacity 38842K, committed 39000K, reserved 1083392K
  class space    used 4830K, capacity 5139K, committed 5208K, reserved 1048576K
Event: 7.151 GC heap after
Heap after GC invocations=10 (full 2):
 PSYoungGen      total 328192K, used 7523K [0x000000076b100000, 0x0000000781200000, 0x00000007c0000000)
  eden space 320512K, 0% used [0x000000076b100000,0x000000076b100000,0x000000077ea00000)
  from space 7680K, 97% used [0x0000000780a80000,0x00000007811d8ce0,0x0000000781200000)
  to   space 16896K, 0% used [0x000000077f100000,0x000000077f100000,0x0000000780180000)
 ParOldGen       total 144384K, used 19646K [0x00000006c1200000, 0x00000006c9f00000, 0x000000076b100000)
  object space 144384K, 13% used [0x00000006c1200000,0x00000006c252faa0,0x00000006c9f00000)
 Metaspace       used 37325K, capacity 38842K, committed 39000K, reserved 1083392K
  class space    used 4830K, capacity 5139K, committed 5208K, reserved 1048576K
}

Deoptimization events (10 events):
Event: 7.856 Thread 0x0000000004a3b000 Uncommon trap: reason=unstable_if action=reinterpret pc=0x0000000005c9f3a0 method=org.springframework.beans.factory.support.AbstractBeanFactory.isTypeMatch(Ljava/lang/String;Lorg/springframework/core/ResolvableType;)Z @ 493
Event: 7.884 Thread 0x0000000004a3b000 Uncommon trap: reason=unstable_if action=reinterpret pc=0x00000000057ed078 method=org.springframework.util.CollectionUtils.isEmpty(Ljava/util/Collection;)Z @ 10
Event: 8.016 Thread 0x0000000004a3b000 Uncommon trap: reason=unstable_if action=reinterpret pc=0x0000000005700ef4 method=java.io.WinNTFileSystem.isLetter(C)Z @ 3
Event: 8.190 Thread 0x0000000004a3b000 Uncommon trap: reason=unstable_if action=reinterpret pc=0x0000000005cc4af4 method=org.springframework.core.ResolvableType.getInterfaces()[Lorg/springframework/core/ResolvableType; @ 29
Event: 8.199 Thread 0x0000000004a3b000 Uncommon trap: reason=unstable_if action=reinterpret pc=0x000000000570cbd8 method=java.util.concurrent.ConcurrentHashMap.putVal(Ljava/lang/Object;Ljava/lang/Object;Z)Ljava/lang/Object; @ 195
Event: 8.383 Thread 0x0000000004a3b000 Uncommon trap: reason=class_check action=maybe_recompile pc=0x0000000005361818 method=java.util.AbstractList$Itr.hasNext()Z @ 8
Event: 8.383 Thread 0x0000000004a3b000 Uncommon trap: reason=class_check action=maybe_recompile pc=0x000000000538b2d8 method=java.util.AbstractList$Itr.next()Ljava/lang/Object; @ 14
Event: 8.786 Thread 0x0000000004a3b000 Uncommon trap: reason=class_check action=maybe_recompile pc=0x0000000004f0a790 method=java.lang.String.equals(Ljava/lang/Object;)Z @ 8
Event: 8.787 Thread 0x0000000004a3b000 Uncommon trap: reason=class_check action=maybe_recompile pc=0x0000000004f0a790 method=java.lang.String.equals(Ljava/lang/Object;)Z @ 8
Event: 8.787 Thread 0x0000000004a3b000 Uncommon trap: reason=class_check action=maybe_recompile pc=0x0000000004f0a790 method=java.lang.String.equals(Ljava/lang/Object;)Z @ 8

Internal exceptions (10 events):
Event: 8.809 Thread 0x0000000004a3b000 Exception <a 'java/lang/ClassNotFoundException': org/springframework/beans/factory/DisposableBeanCustomizer> (0x000000077c213030) thrown at [C:\re\workspace\8-2-build-windows-amd64-cygwin\jdk8u131\8869\hotspot\src\share\vm\classfile\systemDictionary.cpp, 
Event: 8.813 Thread 0x0000000004a3b000 Exception <a 'java/lang/ClassNotFoundException': java/lang/ObjectCustomizer> (0x000000077c262060) thrown at [C:\re\workspace\8-2-build-windows-amd64-cygwin\jdk8u131\8869\hotspot\src\share\vm\classfile\systemDictionary.cpp, line 210]
Event: 8.814 Thread 0x0000000004a3b000 Exception <a 'java/lang/ClassNotFoundException': org/springframework/cloud/context/scope/GenericScopeCustomizer> (0x000000077c28d0f0) thrown at [C:\re\workspace\8-2-build-windows-amd64-cygwin\jdk8u131\8869\hotspot\src\share\vm\classfile\systemDictionary.c
Event: 8.815 Thread 0x0000000004a3b000 Exception <a 'java/lang/ClassNotFoundException': org/springframework/beans/factory/config/ScopeCustomizer> (0x000000077c2bf278) thrown at [C:\re\workspace\8-2-build-windows-amd64-cygwin\jdk8u131\8869\hotspot\src\share\vm\classfile\systemDictionary.cpp, li
Event: 8.815 Thread 0x0000000004a3b000 Exception <a 'java/lang/ClassNotFoundException': org/springframework/beans/factory/config/BeanFactoryPostProcessorCustomizer> (0x000000077c2f0718) thrown at [C:\re\workspace\8-2-build-windows-amd64-cygwin\jdk8u131\8869\hotspot\src\share\vm\classfile\syste
Event: 8.816 Thread 0x0000000004a3b000 Exception <a 'java/lang/ClassNotFoundException': org/springframework/beans/factory/support/BeanDefinitionRegistryPostProcessorCustomizer> (0x000000077c324c38) thrown at [C:\re\workspace\8-2-build-windows-amd64-cygwin\jdk8u131\8869\hotspot\src\share\vm\cla
Event: 8.817 Thread 0x0000000004a3b000 Exception <a 'java/lang/ClassNotFoundException': org/springframework/beans/factory/DisposableBeanCustomizer> (0x000000077c34aaa8) thrown at [C:\re\workspace\8-2-build-windows-amd64-cygwin\jdk8u131\8869\hotspot\src\share\vm\classfile\systemDictionary.cpp, 
Event: 8.823 Thread 0x0000000004a3b000 Exception <a 'java/lang/ClassNotFoundException': java/lang/ObjectCustomizer> (0x000000077c3879e0) thrown at [C:\re\workspace\8-2-build-windows-amd64-cygwin\jdk8u131\8869\hotspot\src\share\vm\classfile\systemDictionary.cpp, line 210]
Event: 8.824 Thread 0x0000000004a3b000 Exception <a 'java/lang/ClassNotFoundException': org/springframework/jmx/export/metadata/AbstractJmxAttributeCustomizer> (0x000000077c3b66a0) thrown at [C:\re\workspace\8-2-build-windows-amd64-cygwin\jdk8u131\8869\hotspot\src\share\vm\classfile\systemDict
Event: 8.825 Thread 0x0000000004a3b000 Exception <a 'java/lang/ClassNotFoundException': org/springframework/jmx/export/metadata/ManagedAttributeCustomizer> (0x000000077c3e4d58) thrown at [C:\re\workspace\8-2-build-windows-amd64-cygwin\jdk8u131\8869\hotspot\src\share\vm\classfile\systemDictiona

Events (10 events):
Event: 8.976 loading class org/codehaus/jackson/map/deser/std/StdScalarDeserializer
Event: 8.976 loading class org/codehaus/jackson/map/deser/std/StdScalarDeserializer done
Event: 8.977 loading class org/codehaus/jackson/map/deser/std/StdDeserializer
Event: 8.977 loading class org/codehaus/jackson/map/deser/std/StdDeserializer done
Event: 8.978 loading class org/codehaus/jackson/map/deser/std/ObjectArrayDeserializer
Event: 8.978 loading class org/codehaus/jackson/map/deser/std/ObjectArrayDeserializer done
Event: 8.979 loading class org/codehaus/jackson/map/deser/std/ContainerDeserializerBase
Event: 8.979 loading class org/codehaus/jackson/map/deser/std/ContainerDeserializerBase done
Event: 8.979 loading class org/codehaus/jackson/map/deser/std/EnumDeserializer
Event: 8.979 loading class org/codehaus/jackson/map/deser/std/EnumDeserializer done


Dynamic libraries:
0x00007ff729fd0000 - 0x00007ff72a007000 	C:\Program Files\Java\jdk1.8.0_131\bin\java.exe
0x00007fff509b0000 - 0x00007fff50b90000 	C:\WINDOWS\SYSTEM32\ntdll.dll
0x00007fff4de80000 - 0x00007fff4df2e000 	C:\WINDOWS\System32\KERNEL32.DLL
0x00007fff4da40000 - 0x00007fff4dca6000 	C:\WINDOWS\System32\KERNELBASE.dll
0x00007fff4e1e0000 - 0x00007fff4e281000 	C:\WINDOWS\System32\ADVAPI32.dll
0x00007fff50080000 - 0x00007fff5011d000 	C:\WINDOWS\System32\msvcrt.dll
0x00007fff50120000 - 0x00007fff5017b000 	C:\WINDOWS\System32\sechost.dll
0x00007fff4df50000 - 0x00007fff4e06f000 	C:\WINDOWS\System32\RPCRT4.dll
0x00007fff50180000 - 0x00007fff5030f000 	C:\WINDOWS\System32\USER32.dll
0x00007fff4cec0000 - 0x00007fff4cee0000 	C:\WINDOWS\System32\win32u.dll
0x00007fff4e290000 - 0x00007fff4e2b8000 	C:\WINDOWS\System32\GDI32.dll
0x00007fff4d800000 - 0x00007fff4d993000 	C:\WINDOWS\System32\gdi32full.dll
0x00007fff4d9a0000 - 0x00007fff4da3b000 	C:\WINDOWS\System32\msvcp_win.dll
0x00007fff4d700000 - 0x00007fff4d7f6000 	C:\WINDOWS\System32\ucrtbase.dll
0x00007fff3f530000 - 0x00007fff3f799000 	C:\WINDOWS\WinSxS\amd64_microsoft.windows.common-controls_6595b64144ccf1df_6.0.16299.309_none_15cfd4c4935e6b11\COMCTL32.dll
0x00007fff4e2c0000 - 0x00007fff4e5c8000 	C:\WINDOWS\System32\combase.dll
0x00007fff4cee0000 - 0x00007fff4cf52000 	C:\WINDOWS\System32\bcryptPrimitives.dll
0x00007fff4fed0000 - 0x00007fff4fefd000 	C:\WINDOWS\System32\IMM32.DLL
0x000000005b620000 - 0x000000005b6f2000 	C:\Program Files\Java\jdk1.8.0_131\jre\bin\msvcr100.dll
0x0000000059190000 - 0x0000000059a2c000 	C:\Program Files\Java\jdk1.8.0_131\jre\bin\server\jvm.dll
0x00007fff4ea80000 - 0x00007fff4ea88000 	C:\WINDOWS\System32\PSAPI.DLL
0x00007fff44f50000 - 0x00007fff44f73000 	C:\WINDOWS\SYSTEM32\WINMM.dll
0x00007fff44860000 - 0x00007fff4486a000 	C:\WINDOWS\SYSTEM32\VERSION.dll
0x00007fff47130000 - 0x00007fff47139000 	C:\WINDOWS\SYSTEM32\WSOCK32.dll
0x00007fff50600000 - 0x00007fff5066c000 	C:\WINDOWS\System32\WS2_32.dll
0x00007fff44f20000 - 0x00007fff44f4a000 	C:\WINDOWS\SYSTEM32\winmmbase.dll
0x00007fff4d6b0000 - 0x00007fff4d6fa000 	C:\WINDOWS\System32\cfgmgr32.dll
0x000000005b610000 - 0x000000005b61f000 	C:\Program Files\Java\jdk1.8.0_131\jre\bin\verify.dll
0x000000005b5e0000 - 0x000000005b609000 	C:\Program Files\Java\jdk1.8.0_131\jre\bin\java.dll
0x000000005b590000 - 0x000000005b5b3000 	C:\Program Files\Java\jdk1.8.0_131\jre\bin\instrument.dll
0x000000005b5c0000 - 0x000000005b5d6000 	C:\Program Files\Java\jdk1.8.0_131\jre\bin\zip.dll
0x00007fff4ea90000 - 0x00007fff4fec6000 	C:\WINDOWS\System32\SHELL32.dll
0x00007fff50680000 - 0x00007fff50726000 	C:\WINDOWS\System32\shcore.dll
0x00007fff4cf60000 - 0x00007fff4d6a7000 	C:\WINDOWS\System32\windows.storage.dll
0x00007fff50730000 - 0x00007fff50781000 	C:\WINDOWS\System32\shlwapi.dll
0x00007fff4cd90000 - 0x00007fff4cda1000 	C:\WINDOWS\System32\kernel.appcore.dll
0x00007fff4cd00000 - 0x00007fff4cd4c000 	C:\WINDOWS\System32\powrprof.dll
0x00007fff4cd70000 - 0x00007fff4cd8b000 	C:\WINDOWS\System32\profapi.dll
0x00007fff483d0000 - 0x00007fff483ea000 	D:\software\IntelliJ IDEA 2017.3.2\bin\breakgen64.dll
0x000000005b570000 - 0x000000005b58a000 	C:\Program Files\Java\jdk1.8.0_131\jre\bin\net.dll
0x00007fff4c500000 - 0x00007fff4c566000 	C:\WINDOWS\system32\mswsock.dll
0x00007fff4c290000 - 0x00007fff4c2c9000 	C:\WINDOWS\SYSTEM32\IPHLPAPI.DLL
0x00007fff50670000 - 0x00007fff50678000 	C:\WINDOWS\System32\NSI.dll
0x00007fff4a3c0000 - 0x00007fff4a3d6000 	C:\WINDOWS\SYSTEM32\dhcpcsvc6.DLL
0x00007fff4a3a0000 - 0x00007fff4a3ba000 	C:\WINDOWS\SYSTEM32\dhcpcsvc.DLL
0x00007fff4c2d0000 - 0x00007fff4c386000 	C:\WINDOWS\SYSTEM32\DNSAPI.dll
0x00007fff44bb0000 - 0x00007fff44cf2000 	C:\WINDOWS\SysWOW64\ierd_tgp_lsp64.dll
0x00007fff50310000 - 0x00007fff50459000 	C:\WINDOWS\System32\ole32.dll
0x00007fff48e80000 - 0x00007fff48e8a000 	C:\WINDOWS\system32\wshqos.dll
0x00007fff48e70000 - 0x00007fff48e78000 	C:\WINDOWS\SYSTEM32\wshtcpip.DLL
0x00007fff48e60000 - 0x00007fff48e68000 	C:\WINDOWS\SYSTEM32\wship6.dll
0x00007fff469b0000 - 0x00007fff469ba000 	C:\Windows\System32\rasadhlp.dll
0x00007fff46be0000 - 0x00007fff46c50000 	C:\WINDOWS\System32\fwpuclnt.dll
0x00007fff4c7d0000 - 0x00007fff4c7f5000 	C:\WINDOWS\SYSTEM32\bcrypt.dll
0x000000005b560000 - 0x000000005b56d000 	C:\Program Files\Java\jdk1.8.0_131\jre\bin\management.dll
0x00007fff3ce00000 - 0x00007fff3ce16000 	C:\WINDOWS\system32\napinsp.dll
0x00007fff3cab0000 - 0x00007fff3caca000 	C:\WINDOWS\system32\pnrpnsp.dll
0x00007fff48d80000 - 0x00007fff48d98000 	C:\WINDOWS\system32\NLAapi.dll
0x00007fff41060000 - 0x00007fff4106e000 	C:\WINDOWS\System32\winrnr.dll
0x0000000059170000 - 0x0000000059181000 	C:\Program Files\Java\jdk1.8.0_131\jre\bin\nio.dll
0x00007fff4c6c0000 - 0x00007fff4c6d7000 	C:\WINDOWS\SYSTEM32\CRYPTSP.dll
0x00007fff4c100000 - 0x00007fff4c133000 	C:\WINDOWS\system32\rsaenh.dll
0x00007fff4cc30000 - 0x00007fff4cc59000 	C:\WINDOWS\SYSTEM32\USERENV.dll
0x00007fff4c6e0000 - 0x00007fff4c6eb000 	C:\WINDOWS\SYSTEM32\CRYPTBASE.dll

VM Arguments:
jvm_args: -javaagent:D:\software\IntelliJ IDEA 2017.3.2\lib\idea_rt.jar=57403:D:\software\IntelliJ IDEA 2017.3.2\bin -Dfile.encoding=UTF-8 
java_command: com.hyl.monitor.MonitorApplication
java_class_path (initial): C:\Program Files\Java\jdk1.8.0_131\jre\lib\charsets.jar;C:\Program Files\Java\jdk1.8.0_131\jre\lib\deploy.jar;C:\Program Files\Java\jdk1.8.0_131\jre\lib\ext\access-bridge-64.jar;C:\Program Files\Java\jdk1.8.0_131\jre\lib\ext\cldrdata.jar;C:\Program Files\Java\jdk1.8.0_131\jre\lib\ext\dnsns.jar;C:\Program Files\Java\jdk1.8.0_131\jre\lib\ext\jaccess.jar;C:\Program Files\Java\jdk1.8.0_131\jre\lib\ext\jfxrt.jar;C:\Program Files\Java\jdk1.8.0_131\jre\lib\ext\localedata.jar;C:\Program Files\Java\jdk1.8.0_131\jre\lib\ext\nashorn.jar;C:\Program Files\Java\jdk1.8.0_131\jre\lib\ext\sunec.jar;C:\Program Files\Java\jdk1.8.0_131\jre\lib\ext\sunjce_provider.jar;C:\Program Files\Java\jdk1.8.0_131\jre\lib\ext\sunmscapi.jar;C:\Program Files\Java\jdk1.8.0_131\jre\lib\ext\sunpkcs11.jar;C:\Program Files\Java\jdk1.8.0_131\jre\lib\ext\zipfs.jar;C:\Program Files\Java\jdk1.8.0_131\jre\lib\javaws.jar;C:\Program Files\Java\jdk1.8.0_131\jre\lib\jce.jar;C:\Program Files\Java\jdk1.8.0_131\jre\lib\jfr.jar;C:\Program Files\Java\jdk1.8.0_131\jre\lib\jfxswt.jar;C:\Program Files\Java\jdk1.8.0_131\jre\lib\jsse.jar;C:\Program Files\Java\jdk1.8.0_131\jre\lib\management-agent.jar;C:\Program Files\Java\jdk1.8.0_131\jre\lib\plugin.jar;C:\Program Files\Java\jdk1.8.0_131\jre\lib\resources.jar;C:\Program Files\Java\jdk1.8.0_131\jre\lib\rt.jar;D:\project\ch12\monitor\target\classes;C:\Users\Administrator.PC-201706302135\.m2\repository\org\springframework\cloud\spring-cloud-starter-netflix-hystrix-dashboard\2.0.0.M8\spring-cloud-starter-netflix-hystrix-dashboard-2.0.0.M8.jar;C:\Users\Administrator.PC-201706302135\.m2\repository\org\springframework\cloud\spring-cloud-netflix-hystrix-dashboard\2.0.0.M8\spring-cloud-netflix-hystrix-dashboard-2.0.0.M8.jar;C:\Users\Administrator.PC-201706302135\.m2\repository\org\springframework\boot\spring-boot-starter-freemarker\2.0.0.RELEASE\spring-boot-starter-freemarker-2.0.0.RELEASE.jar;C:\Users\Administrator.PC-201706302135\.m2\repository\org\fre
Launcher Type: SUN_STANDARD

Environment Variables:
JAVA_HOME=C:\Program Files\Java\jdk1.8.0_131
JRE_HOME=C:\Program Files\Java\jdk1.8.0_131\jre
CLASSPATH=D:\software\glassfish4\jdk7\lib\dt.jar;D:\software\glassfish4\jdk7\lib\tools.jar
PATH=C:\Program Files\Docker\Docker\Resources\bin;C:\Program Files (x86)\Common Files\Intel\Shared Files\cpp\bin\Intel64;C:\ProgramData\Oracle\Java\javapath;C:\WINDOWS\system32;C:\WINDOWS;C:\WINDOWS\System32\Wbem;C:\WINDOWS\System32\WindowsPowerShell\v1.0\;C:\Program Files\Java\jdk1.8.0_131\bin;C:\Program Files\Java\jdk1.8.0_131\jre\bin;C:\Program Files (x86)\Calibre2\;C:\Program Files (x86)\NVIDIA Corporation\PhysX\Common;C:\WINDOWS\system32;C:\WINDOWS;C:\WINDOWS\System32\Wbem;C:\WINDOWS\System32\WindowsPowerShell\v1.0\;C:\Program Files\nodejs\;C:\Users\Administrator.PC-201706302135\AppData\Local\Microsoft\WindowsApps;D:\software\apache-maven-3.5.3\bin;C:\Users\Administrator.PC-201706302135\AppData\Roaming\npm
USERNAME=Administrator
OS=Windows_NT
PROCESSOR_IDENTIFIER=Intel64 Family 6 Model 58 Stepping 9, GenuineIntel



---------------  S Y S T E M  ---------------

OS: Windows 10.0 , 64 bit Build 16299 (10.0.16299.15)

CPU:total 8 (initial active 8) (4 cores per cpu, 2 threads per core) family 6 model 58 stepping 9, cmov, cx8, fxsr, mmx, sse, sse2, sse3, ssse3, sse4.1, sse4.2, popcnt, avx, aes, clmul, erms, ht, tsc, tscinvbit, tscinv

Memory: 4k page, physical 16698440k(5361712k free), swap 18795592k(5588k free)

vm_info: Java HotSpot(TM) 64-Bit Server VM (25.131-b11) for windows-amd64 JRE (1.8.0_131-b11), built on Mar 15 2017 01:23:53 by "java_re" with MS VC++ 10.0 (VS2010)

time: Fri Apr 06 20:33:10 2018
elapsed time: 8 seconds (0d 0h 0m 8s)

